Traceback (most recent call last):
  File "/__t/Python/3.10.5/x64/lib/python3.10/site-packages/jupyter_cache/executors/utils.py", line 51, in single_nb_execution
    executenb(
  File "/__t/Python/3.10.5/x64/lib/python3.10/site-packages/nbclient/client.py", line 1204, in execute
    return NotebookClient(nb=nb, resources=resources, km=km, **kwargs).execute()
  File "/__t/Python/3.10.5/x64/lib/python3.10/site-packages/nbclient/util.py", line 84, in wrapped
    return just_run(coro(*args, **kwargs))
  File "/__t/Python/3.10.5/x64/lib/python3.10/site-packages/nbclient/util.py", line 62, in just_run
    return loop.run_until_complete(coro)
  File "/__t/Python/3.10.5/x64/lib/python3.10/asyncio/base_events.py", line 646, in run_until_complete
    return future.result()
  File "/__t/Python/3.10.5/x64/lib/python3.10/site-packages/nbclient/client.py", line 663, in async_execute
    await self.async_execute_cell(
  File "/__t/Python/3.10.5/x64/lib/python3.10/site-packages/nbclient/client.py", line 965, in async_execute_cell
    await self._check_raise_for_error(cell, cell_index, exec_reply)
  File "/__t/Python/3.10.5/x64/lib/python3.10/site-packages/nbclient/client.py", line 862, in _check_raise_for_error
    raise CellExecutionError.from_cell_and_msg(cell, exec_reply_content)
nbclient.exceptions.CellExecutionError: An error occurred while executing the following cell:
------------------
import ROOT

_file0 = ROOT.TFile.Open("results/example_combined_GaussExample_model.root")
_file0.GaussExample.PrintXML()
------------------

[0;31m---------------------------------------------------------------------------[0m
[0;31mModuleNotFoundError[0m                       Traceback (most recent call last)
File [0;32m/usr/local/venv/lib/cppyy/__init__.py:60[0m, in [0;36m<module>[0;34m[0m
[1;32m     59[0m [38;5;28;01mtry[39;00m:
[0;32m---> 60[0m     [43mimportlib[49m[38;5;241;43m.[39;49m[43mimport_module[49m[43m([49m[43mlibcppyy_mod_name[49m[43m)[49m
[1;32m     61[0m [38;5;28;01mexcept[39;00m [38;5;167;01mImportError[39;00m:

File [0;32m/__t/Python/3.10.5/x64/lib/python3.10/importlib/__init__.py:126[0m, in [0;36mimport_module[0;34m(name, package)[0m
[1;32m    125[0m         level [38;5;241m+[39m[38;5;241m=[39m [38;5;241m1[39m
[0;32m--> 126[0m [38;5;28;01mreturn[39;00m [43m_bootstrap[49m[38;5;241;43m.[39;49m[43m_gcd_import[49m[43m([49m[43mname[49m[43m[[49m[43mlevel[49m[43m:[49m[43m][49m[43m,[49m[43m [49m[43mpackage[49m[43m,[49m[43m [49m[43mlevel[49m[43m)[49m

File [0;32m<frozen importlib._bootstrap>:1050[0m, in [0;36m_gcd_import[0;34m(name, package, level)[0m

File [0;32m<frozen importlib._bootstrap>:1027[0m, in [0;36m_find_and_load[0;34m(name, import_)[0m

File [0;32m<frozen importlib._bootstrap>:1004[0m, in [0;36m_find_and_load_unlocked[0;34m(name, import_)[0m

[0;31mModuleNotFoundError[0m: No module named 'libcppyy3_10'

During handling of the above exception, another exception occurred:

[0;31mImportError[0m                               Traceback (most recent call last)
Input [0;32mIn [4][0m, in [0;36m<cell line: 1>[0;34m()[0m
[0;32m----> 1[0m [38;5;28;01mimport[39;00m [38;5;21;01mROOT[39;00m
[1;32m      3[0m _file0 [38;5;241m=[39m ROOT[38;5;241m.[39mTFile[38;5;241m.[39mOpen([38;5;124m"[39m[38;5;124mresults/example_combined_GaussExample_model.root[39m[38;5;124m"[39m)
[1;32m      4[0m _file0[38;5;241m.[39mGaussExample[38;5;241m.[39mPrintXML()

File [0;32m/usr/local/venv/lib/ROOT/__init__.py:22[0m, in [0;36m<module>[0;34m[0m
[1;32m     19[0m [38;5;66;03m# Prevent cppyy from filtering ROOT libraries[39;00m
[1;32m     20[0m environ[[38;5;124m'[39m[38;5;124mCPPYY_NO_ROOT_FILTER[39m[38;5;124m'[39m] [38;5;241m=[39m [38;5;124m'[39m[38;5;124m1[39m[38;5;124m'[39m
[0;32m---> 22[0m [38;5;28;01mimport[39;00m [38;5;21;01mcppyy[39;00m
[1;32m     23[0m [38;5;28;01mif[39;00m [38;5;129;01mnot[39;00m [38;5;124m'[39m[38;5;124mROOTSYS[39m[38;5;124m'[39m [38;5;129;01min[39;00m environ:
[1;32m     24[0m     [38;5;66;03m# Revert setting made by cppyy[39;00m
[1;32m     25[0m     cppyy[38;5;241m.[39mgbl[38;5;241m.[39mgROOT[38;5;241m.[39mSetBatch([38;5;28;01mFalse[39;00m)

File [0;32m/usr/local/venv/lib/cppyy/__init__.py:62[0m, in [0;36m<module>[0;34m[0m
[1;32m     60[0m     importlib[38;5;241m.[39mimport_module(libcppyy_mod_name)
[1;32m     61[0m [38;5;28;01mexcept[39;00m [38;5;167;01mImportError[39;00m:
[0;32m---> 62[0m     [38;5;28;01mraise[39;00m [38;5;167;01mImportError[39;00m(
[1;32m     63[0m             [38;5;124m'[39m[38;5;124mFailed to import [39m[38;5;132;01m{}[39;00m[38;5;124m. Please check that ROOT has been built for Python [39m[38;5;132;01m{}[39;00m[38;5;124m.[39m[38;5;132;01m{}[39;00m[38;5;124m'[39m[38;5;241m.[39mformat(
[1;32m     64[0m                 libcppyy_mod_name, major, minor))
[1;32m     66[0m [38;5;66;03m# ensure 'import libcppyy' will find the versioned module[39;00m
[1;32m     67[0m sys[38;5;241m.[39mmodules[[38;5;124m'[39m[38;5;124mlibcppyy[39m[38;5;124m'[39m] [38;5;241m=[39m sys[38;5;241m.[39mmodules[libcppyy_mod_name]

[0;31mImportError[0m: Failed to import libcppyy3_10. Please check that ROOT has been built for Python 3.10
ImportError: Failed to import libcppyy3_10. Please check that ROOT has been built for Python 3.10

